<?xml version="1.0" encoding="UTF-8"?>
<testng-results ignored="0" total="4" passed="4" failed="0" skipped="0">
  <reporter-output>
  </reporter-output>
  <suite started-at="2022-12-16T08:46:39 IST" name="Default suite" finished-at="2022-12-16T08:46:46 IST" duration-ms="7613">
    <groups>
    </groups>
    <test started-at="2022-12-16T08:46:39 IST" name="Default test" finished-at="2022-12-16T08:46:46 IST" duration-ms="7613">
      <class name="com.employee.Scripts.TestClass">
        <test-method is-config="true" signature="initialization()[pri:0, instance:com.employee.Scripts.TestClass@661972b0]" started-at="2022-12-16T08:46:30 IST" name="initialization" finished-at="2022-12-16T08:46:39 IST" duration-ms="8454" status="PASS">
          <reporter-output>
          </reporter-output>
        </test-method> <!-- initialization -->
        <test-method signature="ValidLoginVerification()[pri:0, instance:com.employee.Scripts.TestClass@661972b0]" started-at="2022-12-16T08:46:39 IST" name="ValidLoginVerification" finished-at="2022-12-16T08:46:41 IST" duration-ms="2308" status="PASS">
          <reporter-output>
          </reporter-output>
        </test-method> <!-- ValidLoginVerification -->
        <test-method signature="ValidHomeVerification()[pri:1, instance:com.employee.Scripts.TestClass@661972b0]" started-at="2022-12-16T08:46:41 IST" name="ValidHomeVerification" finished-at="2022-12-16T08:46:42 IST" duration-ms="1028" status="PASS">
          <reporter-output>
          </reporter-output>
        </test-method> <!-- ValidHomeVerification -->
        <test-method signature="ValidAddEmpVerification()[pri:2, instance:com.employee.Scripts.TestClass@661972b0]" started-at="2022-12-16T08:46:42 IST" name="ValidAddEmpVerification" finished-at="2022-12-16T08:46:45 IST" duration-ms="2616" status="PASS">
          <reporter-output>
          </reporter-output>
        </test-method> <!-- ValidAddEmpVerification -->
        <test-method signature="ValidEmpListVerification()[pri:3, instance:com.employee.Scripts.TestClass@661972b0]" started-at="2022-12-16T08:46:45 IST" name="ValidEmpListVerification" finished-at="2022-12-16T08:46:46 IST" duration-ms="1594" status="PASS">
          <reporter-output>
          </reporter-output>
        </test-method> <!-- ValidEmpListVerification -->
      </class> <!-- com.employee.Scripts.TestClass -->
    </test> <!-- Default test -->
  </suite> <!-- Default suite -->
</testng-results>
