<?xml version="1.0" encoding="UTF-8"?>
<!-- Generated by org.testng.reporters.JUnitXMLReporter -->
<testsuite ignored="0" hostname="NTP-LAP-872" failures="0" tests="4" name="Default test" time="7.613" errors="0" timestamp="2022-12-16T08:46:47 IST">
  <testcase classname="com.employee.Scripts.TestClass" name="ValidLoginVerification" time="2.308"/>
  <testcase classname="com.employee.Scripts.TestClass" name="ValidHomeVerification" time="1.028"/>
  <testcase classname="com.employee.Scripts.TestClass" name="ValidAddEmpVerification" time="2.616"/>
  <testcase classname="com.employee.Scripts.TestClass" name="ValidEmpListVerification" time="1.594"/>
</testsuite> <!-- Default test -->
